--- [SYSTEM] PACK: 'fix-gdm' (*.orig.tar.xz)
File '*.orig.tar.*' not found! Creating...
File 'fix-gdm_1.0.0.orig.tar.xz' created!
--- [SYSTEM] BUILD: 'github.com/pkgstore/linux-deb-fix-gdm.git'
dpkg-source: info: using source format '3.0 (quilt)'
dpkg-source: info: building fix-gdm using existing ./fix-gdm_1.0.0.orig.tar.xz
dpkg-source: warning: ignoring deletion of directory gdm.service.d
dpkg-source: warning: ignoring deletion of file gdm.service.d/fix-black-screen.conf, use --include-removal to override
dpkg-source: info: building fix-gdm in fix-gdm_1.0.0-2.debian.tar.xz
dpkg-source: info: building fix-gdm in fix-gdm_1.0.0-2.dsc
File 'fix-gdm_1.0.0-2.dsc' found!
Build completed!
--- [SYSTEM] MOVE: '/root/git/repo_src' -> '/root/git/repo_dst'
Removing old files from repository...
Moving new files to repository...
renamed '/root/git/repo_src/_service' -> '/root/git/repo_dst/_service'
renamed '/root/git/repo_src/_meta' -> '/root/git/repo_dst/_meta'
renamed '/root/git/repo_src/README.md' -> '/root/git/repo_dst/README.md'
renamed '/root/git/repo_src/LICENSE' -> '/root/git/repo_dst/LICENSE'
renamed '/root/git/repo_src/fix-gdm_1.0.0-2.debian.tar.xz' -> '/root/git/repo_dst/fix-gdm_1.0.0-2.debian.tar.xz'
renamed '/root/git/repo_src/fix-gdm_1.0.0.orig.tar.xz' -> '/root/git/repo_dst/fix-gdm_1.0.0.orig.tar.xz'
renamed '/root/git/repo_src/fix-gdm_1.0.0-2.dsc' -> '/root/git/repo_dst/fix-gdm_1.0.0-2.dsc'
renamed '/root/git/repo_src/build.log' -> '/root/git/repo_dst/build.log'
